dramalife@server:~/note/70-gcc_gnu_compiler_collection/dynamic_exec_libx_so/sample_app_use_lib_backtrace_related/application $ gdb a_demo.out core.681 
GNU gdb (Ubuntu 8.1-0ubuntu3.2) 8.1.0.20180409-git
Copyright (C) 2018 Free Software Foundation, Inc.
License GPLv3+: GNU GPL version 3 or later <http://gnu.org/licenses/gpl.html>
This is free software: you are free to change and redistribute it.
There is NO WARRANTY, to the extent permitted by law.  Type "show copying"
and "show warranty" for details.
This GDB was configured as "x86_64-linux-gnu".
Type "show configuration" for configuration details.
For bug reporting instructions, please see:
<http://www.gnu.org/software/gdb/bugs/>.
Find the GDB manual and other documentation resources online at:
<http://www.gnu.org/software/gdb/documentation/>.
For help, type "help".
Type "apropos word" to search for commands related to "word"...
Reading symbols from a_demo.out...(no debugging symbols found)...done.
[New LWP 681]
Core was generated by `./a_demo.out seg'.
Program terminated with signal SIGSEGV, Segmentation fault.
#0  0x00005608b98e2ab1 in sample_segment_err1 ()
(gdb) bt
#0  0x00005608b98e2ab1 in sample_segment_err1 ()
#1  0x00005608b98e2b72 in main ()
(gdb) 
