~ # ./20191012164552_a.out 
[main,93]START! 



[size_union,45]vvvvv 
Memory size occupied by data : 20



[value_set_overwrite,60]vvvvv 
data.i : 1126191218
data.f : 160.314240
data.str : C Programming



[value_set,77]vvvvv 
data.i : 10
data.f : 220.500000
data.str : C Programming



[endian_test,22]vvvvv 
Big Endian! 
~ # uname -a
Linux host 2.6.31 #2 Mon Aug 12 11:09:22 CST 2019 mips GNU/Linux
~ # cat /proc/cpuinfo 
system type		: Atheros AR934x
processor		: 0
cpu model		: MIPS 74Kc V4.12
BogoMIPS		: 279.55
wait instruction	: yes
microsecond timers	: yes
tlb_entries		: 32
extra interrupt vector	: yes
hardware watchpoint	: yes, count: 4, address/irw mask: [0x0004, 0x0150, 0x08c0, 0x0ff8]
ASEs implemented	: mips16 dsp
shadow register sets	: 1
core			: 0
VCED exceptions		: not available
VCEI exceptions		: not available

~ # 

