$ nm ../../../80-userspace_programming/33-datastruct/union/a_demo.out
0000000000201010 B __bss_start
0000000000201010 b completed.7697
                 w __cxa_finalize@@GLIBC_2.2.5
0000000000201000 D __data_start
0000000000201000 W data_start
0000000000000600 t deregister_tm_clones
0000000000000690 t __do_global_dtors_aux
0000000000200de0 t __do_global_dtors_aux_fini_array_entry
0000000000201008 D __dso_handle
0000000000200de8 d _DYNAMIC
0000000000201010 D _edata
0000000000201018 B _end
00000000000006da T endian_test
0000000000000a14 T _fini
00000000000006d0 t frame_dummy
0000000000200dd8 t __frame_dummy_init_array_entry
0000000000000d00 r __FRAME_END__
0000000000000ac8 r __func__.2435
0000000000000ad8 r __func__.2440
0000000000000af0 r __func__.2445
0000000000000b08 r __func__.2450
0000000000000b12 r __func__.2454
0000000000200fa8 d _GLOBAL_OFFSET_TABLE_
                 w __gmon_start__
0000000000000b1c r __GNU_EH_FRAME_HDR
0000000000000580 T _init
0000000000200de0 t __init_array_end
0000000000200dd8 t __init_array_start
0000000000000a20 R _IO_stdin_used
                 w _ITM_deregisterTMCloneTable
                 w _ITM_registerTMCloneTable
0000000000000a10 T __libc_csu_fini
00000000000009a0 T __libc_csu_init
                 U __libc_start_main@@GLIBC_2.2.5
000000000000095f T main
                 U printf@@GLIBC_2.2.5
                 U puts@@GLIBC_2.2.5
0000000000000640 t register_tm_clones
0000000000000768 T size_union
                 U __stack_chk_fail@@GLIBC_2.4
00000000000005d0 T _start
0000000000201010 D __TMC_END__
0000000000000896 T value_set
00000000000007cd T value_set_overwrite
