$ file ../../../80-userspace_programming/33-datastruct/union/a_demo.out
../../../80-userspace_programming/33-datastruct/union/a_demo.out: ELF 64-bit LSB shared object, x86-64, version 1 (SYSV), dynamically linked, interpreter /lib64/l, for GNU/Linux 3.2.0, BuildID[sha1]=d0b258e504120dc3e6f1413110bcfebb774e649a, not stripped


$ readelf -s ../../../80-userspace_programming/33-datastruct/union/a_demo.out

Symbol table '.dynsym' contains 9 entries:
   Num:    Value          Size Type    Bind   Vis      Ndx Name
     0: 0000000000000000     0 NOTYPE  LOCAL  DEFAULT  UND 
     1: 0000000000000000     0 NOTYPE  WEAK   DEFAULT  UND _ITM_deregisterTMCloneTab
     2: 0000000000000000     0 FUNC    GLOBAL DEFAULT  UND puts@GLIBC_2.2.5 (2)
     3: 0000000000000000     0 FUNC    GLOBAL DEFAULT  UND __stack_chk_fail@GLIBC_2.4 (3)
     4: 0000000000000000     0 FUNC    GLOBAL DEFAULT  UND printf@GLIBC_2.2.5 (2)
     5: 0000000000000000     0 FUNC    GLOBAL DEFAULT  UND __libc_start_main@GLIBC_2.2.5 (2)
     6: 0000000000000000     0 NOTYPE  WEAK   DEFAULT  UND __gmon_start__
     7: 0000000000000000     0 NOTYPE  WEAK   DEFAULT  UND _ITM_registerTMCloneTable
     8: 0000000000000000     0 FUNC    WEAK   DEFAULT  UND __cxa_finalize@GLIBC_2.2.5 (2)

Symbol table '.symtab' contains 73 entries:
   Num:    Value          Size Type    Bind   Vis      Ndx Name
     0: 0000000000000000     0 NOTYPE  LOCAL  DEFAULT  UND 
     1: 0000000000000238     0 SECTION LOCAL  DEFAULT    1 
     2: 0000000000000254     0 SECTION LOCAL  DEFAULT    2 
     3: 0000000000000274     0 SECTION LOCAL  DEFAULT    3 
     4: 0000000000000298     0 SECTION LOCAL  DEFAULT    4 
     5: 00000000000002b8     0 SECTION LOCAL  DEFAULT    5 
     6: 0000000000000390     0 SECTION LOCAL  DEFAULT    6 
     7: 0000000000000434     0 SECTION LOCAL  DEFAULT    7 
     8: 0000000000000448     0 SECTION LOCAL  DEFAULT    8 
     9: 0000000000000478     0 SECTION LOCAL  DEFAULT    9 
    10: 0000000000000580     0 SECTION LOCAL  DEFAULT   10 
    11: 00000000000005a0     0 SECTION LOCAL  DEFAULT   11 
    12: 00000000000005b0     0 SECTION LOCAL  DEFAULT   12 
    13: 00000000000005d0     0 SECTION LOCAL  DEFAULT   13 
    14: 0000000000000a14     0 SECTION LOCAL  DEFAULT   14 
    15: 0000000000000a20     0 SECTION LOCAL  DEFAULT   15 
    16: 0000000000000b1c     0 SECTION LOCAL  DEFAULT   16 
    17: 0000000000000b78     0 SECTION LOCAL  DEFAULT   17 
    18: 0000000000200dd8     0 SECTION LOCAL  DEFAULT   18 
    19: 0000000000200de0     0 SECTION LOCAL  DEFAULT   19 
    20: 0000000000200de8     0 SECTION LOCAL  DEFAULT   20 
    21: 0000000000200fa8     0 SECTION LOCAL  DEFAULT   21 
    22: 0000000000201000     0 SECTION LOCAL  DEFAULT   22 
    23: 0000000000201010     0 SECTION LOCAL  DEFAULT   23 
    24: 0000000000000000     0 SECTION LOCAL  DEFAULT   24 
    25: 0000000000000000     0 FILE    LOCAL  DEFAULT  ABS crtstuff.c
    26: 0000000000000600     0 FUNC    LOCAL  DEFAULT   13 deregister_tm_clones
    27: 0000000000000640     0 FUNC    LOCAL  DEFAULT   13 register_tm_clones
    28: 0000000000000690     0 FUNC    LOCAL  DEFAULT   13 __do_global_dtors_aux
    29: 0000000000201010     1 OBJECT  LOCAL  DEFAULT   23 completed.7697
    30: 0000000000200de0     0 OBJECT  LOCAL  DEFAULT   19 __do_global_dtors_aux_fin
    31: 00000000000006d0     0 FUNC    LOCAL  DEFAULT   13 frame_dummy
    32: 0000000000200dd8     0 OBJECT  LOCAL  DEFAULT   18 __frame_dummy_init_array_
    33: 0000000000000000     0 FILE    LOCAL  DEFAULT  ABS union.c
    34: 0000000000000ac8    12 OBJECT  LOCAL  DEFAULT   15 __func__.2435
    35: 0000000000000ad8    11 OBJECT  LOCAL  DEFAULT   15 __func__.2440
    36: 0000000000000af0    20 OBJECT  LOCAL  DEFAULT   15 __func__.2445
    37: 0000000000000b08    10 OBJECT  LOCAL  DEFAULT   15 __func__.2450
    38: 0000000000000b12     5 OBJECT  LOCAL  DEFAULT   15 __func__.2454
    39: 0000000000000000     0 FILE    LOCAL  DEFAULT  ABS crtstuff.c
    40: 0000000000000d00     0 OBJECT  LOCAL  DEFAULT   17 __FRAME_END__
    41: 0000000000000000     0 FILE    LOCAL  DEFAULT  ABS 
    42: 0000000000200de0     0 NOTYPE  LOCAL  DEFAULT   18 __init_array_end
    43: 0000000000200de8     0 OBJECT  LOCAL  DEFAULT   20 _DYNAMIC
    44: 0000000000200dd8     0 NOTYPE  LOCAL  DEFAULT   18 __init_array_start
    45: 0000000000000b1c     0 NOTYPE  LOCAL  DEFAULT   16 __GNU_EH_FRAME_HDR
    46: 0000000000200fa8     0 OBJECT  LOCAL  DEFAULT   21 _GLOBAL_OFFSET_TABLE_
    47: 0000000000000a10     2 FUNC    GLOBAL DEFAULT   13 __libc_csu_fini
    48: 0000000000000768   101 FUNC    GLOBAL DEFAULT   13 size_union
    49: 0000000000000000     0 NOTYPE  WEAK   DEFAULT  UND _ITM_deregisterTMCloneTab
    50: 0000000000201000     0 NOTYPE  WEAK   DEFAULT   22 data_start
    51: 00000000000006da   142 FUNC    GLOBAL DEFAULT   13 endian_test
    52: 0000000000000000     0 FUNC    GLOBAL DEFAULT  UND puts@@GLIBC_2.2.5
    53: 0000000000201010     0 NOTYPE  GLOBAL DEFAULT   22 _edata
    54: 0000000000000a14     0 FUNC    GLOBAL DEFAULT   14 _fini
    55: 0000000000000000     0 FUNC    GLOBAL DEFAULT  UND __stack_chk_fail@@GLIBC_2
    56: 0000000000000000     0 FUNC    GLOBAL DEFAULT  UND printf@@GLIBC_2.2.5
    57: 0000000000000000     0 FUNC    GLOBAL DEFAULT  UND __libc_start_main@@GLIBC_
    58: 0000000000000896   201 FUNC    GLOBAL DEFAULT   13 value_set
    59: 0000000000201000     0 NOTYPE  GLOBAL DEFAULT   22 __data_start
    60: 0000000000000000     0 NOTYPE  WEAK   DEFAULT  UND __gmon_start__
    61: 0000000000201008     0 OBJECT  GLOBAL HIDDEN    22 __dso_handle
    62: 0000000000000a20     4 OBJECT  GLOBAL DEFAULT   15 _IO_stdin_used
    63: 00000000000009a0   101 FUNC    GLOBAL DEFAULT   13 __libc_csu_init
    64: 0000000000201018     0 NOTYPE  GLOBAL DEFAULT   23 _end
    65: 00000000000005d0    43 FUNC    GLOBAL DEFAULT   13 _start
    66: 0000000000201010     0 NOTYPE  GLOBAL DEFAULT   23 __bss_start
    67: 000000000000095f    60 FUNC    GLOBAL DEFAULT   13 main
    68: 0000000000201010     0 OBJECT  GLOBAL HIDDEN    22 __TMC_END__
    69: 0000000000000000     0 NOTYPE  WEAK   DEFAULT  UND _ITM_registerTMCloneTable
    70: 0000000000000000     0 FUNC    WEAK   DEFAULT  UND __cxa_finalize@@GLIBC_2.2
    71: 0000000000000580     0 FUNC    GLOBAL DEFAULT   10 _init
    72: 00000000000007cd   201 FUNC    GLOBAL DEFAULT   13 value_set_overwrite
